found 0 blocks of degenerate orbitals in shell 0
Sumk to Solver: [{('up', 0): ('up_0', 0), ('up', 1): ('up_0', 1), ('up', 2): ('up_0', 2), ('down', 0): ('down_0', 0), ('down', 1): ('down_0', 1), ('down', 2): ('down_0', 2)}]
GF struct sumk: [[('up', 3), ('down', 3)], [('up', 3), ('down', 3)], [('up', 3), ('down', 3)], [('up', 3), ('down', 3)]]
GF struct solver: [{'up_0': 3, 'down_0': 3}]
Greens function structure is: [('down_0', 3), ('up_0', 3)] 
U Matrix set to:
[[0.  1.5 1.5]
 [1.5 0.  1.5]
 [1.5 1.5 0. ]]
Up Matrix set to:
[[3. 2. 2.]
 [2. 3. 2.]
 [2. 2. 3.]]

sumk calc_mu: Using dichtomy adjustment to find chemical potential

Dichotomy adjustment of Chemical Potential to obtain Total Density = 16.000000 +/- 0.000100
Warning: Imaginary part in density will be ignored (1.6665933163301297e-12)
    0.429374 < Chemical Potential < 0.429374
    16.000007 < Total Density < 16.000007
    Chemical Potential found in 0 iterations : 
    Total Density = 16.000007;Chemical Potential = 0.429374
5 DMFT cycles requested. Starting with iteration 5.
Doing iteration: 5

╔╦╗╦═╗╦╔═╗ ╔═╗  ┌─┐┌┬┐┬ ┬┬ ┬┌┐ 
 ║ ╠╦╝║║═╬╗╚═╗  │   │ ├─┤└┬┘├┴┐
 ╩ ╩╚═╩╚═╝╚╚═╝  └─┘ ┴ ┴ ┴ ┴ └─┘

The local Hamiltonian of the problem:
-7.15752*c_dag('down_0',0)*c('down_0',0) + -7.14187*c_dag('down_0',1)*c('down_0',1) + -7.1033*c_dag('down_0',2)*c('down_0',2) + -7.16752*c_dag('up_0',0)*c('up_0',0) + -7.15187*c_dag('up_0',1)*c('up_0',1) + -7.1133*c_dag('up_0',2)*c('up_0',2) + 1.5*c_dag('down_0',0)*c_dag('down_0',1)*c('down_0',1)*c('down_0',0) + 1.5*c_dag('down_0',0)*c_dag('down_0',2)*c('down_0',2)*c('down_0',0) + 0.5*c_dag('down_0',0)*c_dag('up_0',0)*c('up_0',2)*c('down_0',2) + 0.5*c_dag('down_0',0)*c_dag('up_0',0)*c('up_0',1)*c('down_0',1) + 3*c_dag('down_0',0)*c_dag('up_0',0)*c('up_0',0)*c('down_0',0) + 2*c_dag('down_0',0)*c_dag('up_0',1)*c('up_0',1)*c('down_0',0) + 0.5*c_dag('down_0',0)*c_dag('up_0',1)*c('up_0',0)*c('down_0',1) + 2*c_dag('down_0',0)*c_dag('up_0',2)*c('up_0',2)*c('down_0',0) + 0.5*c_dag('down_0',0)*c_dag('up_0',2)*c('up_0',0)*c('down_0',2) + 1.5*c_dag('down_0',1)*c_dag('down_0',2)*c('down_0',2)*c('down_0',1) + 0.5*c_dag('down_0',1)*c_dag('up_0',0)*c('up_0',1)*c('down_0',0) + 2*c_dag('down_0',1)*c_dag('up_0',0)*c('up_0',0)*c('down_0',1) + 0.5*c_dag('down_0',1)*c_dag('up_0',1)*c('up_0',2)*c('down_0',2) + 3*c_dag('down_0',1)*c_dag('up_0',1)*c('up_0',1)*c('down_0',1) + 0.5*c_dag('down_0',1)*c_dag('up_0',1)*c('up_0',0)*c('down_0',0) + 2*c_dag('down_0',1)*c_dag('up_0',2)*c('up_0',2)*c('down_0',1) + 0.5*c_dag('down_0',1)*c_dag('up_0',2)*c('up_0',1)*c('down_0',2) + 0.5*c_dag('down_0',2)*c_dag('up_0',0)*c('up_0',2)*c('down_0',0) + 2*c_dag('down_0',2)*c_dag('up_0',0)*c('up_0',0)*c('down_0',2) + 0.5*c_dag('down_0',2)*c_dag('up_0',1)*c('up_0',2)*c('down_0',1) + 2*c_dag('down_0',2)*c_dag('up_0',1)*c('up_0',1)*c('down_0',2) + 3*c_dag('down_0',2)*c_dag('up_0',2)*c('up_0',2)*c('down_0',2) + 0.5*c_dag('down_0',2)*c_dag('up_0',2)*c('up_0',1)*c('down_0',1) + 0.5*c_dag('down_0',2)*c_dag('up_0',2)*c('up_0',0)*c('down_0',0) + 1.5*c_dag('up_0',0)*c_dag('up_0',1)*c('up_0',1)*c('up_0',0) + 1.5*c_dag('up_0',0)*c_dag('up_0',2)*c('up_0',2)*c('up_0',0) + 1.5*c_dag('up_0',1)*c_dag('up_0',2)*c('up_0',2)*c('up_0',1)
Using autopartition algorithm to partition the local Hilbert space
Found 44 subspaces.

Warming up ...
18:36:44   0% ETA 00:00:14 cycle 281 of 41666
18:36:46  14% ETA 00:00:12 cycle 6151 of 41666
18:36:48  30% ETA 00:00:10 cycle 12862 of 41666
18:36:51  52% ETA 00:00:07 cycle 21799 of 41666
18:36:55  79% ETA 00:00:03 cycle 33128 of 41666
18:36:58 100% ETA 00:00:00 cycle 41665 of 41666



Accumulating ...
18:36:59   0% ETA 00:02:35 cycle 267 of 416666
18:37:01   1% ETA 00:02:26 cycle 5965 of 416666
18:37:03   3% ETA 00:02:24 cycle 13052 of 416666
18:37:06   5% ETA 00:02:20 cycle 21913 of 416666
18:37:10   7% ETA 00:02:16 cycle 33035 of 416666
18:37:15  11% ETA 00:02:12 cycle 46579 of 416666
18:37:21  15% ETA 00:02:06 cycle 63842 of 416666
18:37:29  20% ETA 00:01:58 cycle 85468 of 416666
18:37:39  26% ETA 00:01:49 cycle 112418 of 416666
18:37:51  34% ETA 00:01:37 cycle 145453 of 416666
18:38:06  44% ETA 00:01:22 cycle 187113 of 416666
18:38:25  57% ETA 00:01:03 cycle 239926 of 416666
18:38:48  73% ETA 00:00:40 cycle 305210 of 416666
18:39:18  92% ETA 00:00:11 cycle 385839 of 416666
18:39:29 100% ETA 00:00:00 cycle 416665 of 416666


[Rank 0] Collect results: Waiting for all mpi-threads to finish accumulating...
[Rank 0] Timings for all measures:
Measure               | seconds   
Auto-correlation time | 0.106089  
Average order         | 0.0209712 
Average sign          | 0.0155985 
G_tau measure         | 1.04771   
Total measure time    | 1.19036   
[Rank 0] Acceptance rate for all moves:
Move set Insert two operators: 0.0298403
  Move  Insert Delta_down_0: 0.0302838
  Move  Insert Delta_up_0: 0.0293968
Move set Remove two operators: 0.0298481
  Move  Remove Delta_down_0: 0.0302948
  Move  Remove Delta_up_0: 0.0294014
Move set Insert four operators: 0.00204475
  Move  Insert Delta_down_0_down_0: 0.00255732
  Move  Insert Delta_down_0_up_0: 0.00157846
  Move  Insert Delta_up_0_down_0: 0.00157971
  Move  Insert Delta_up_0_up_0: 0.00246358
Move set Remove four operators: 0.00204105
  Move  Remove Delta_down_0_down_0: 0.00254709
  Move  Remove Delta_down_0_up_0: 0.00156959
  Move  Remove Delta_up_0_down_0: 0.00158513
  Move  Remove Delta_up_0_up_0: 0.00246255
Move  Shift one operator: 0.214821
[Rank 0] Warmup lasted: 14.7116 seconds [00:00:14]
[Rank 0] Simulation lasted: 150.537 seconds [00:02:30]
[Rank 0] Number of measures: 416666
Total number of measures: 9999984
Average sign: 0.902364
Average order: 18.114
Auto-correlation time: 98.0121
Detected use_dc_formula=1, changing to cHeld
DC potential computed using the cHeld method, V_DC = 6.546724 eV
E_DC using the cHeld method, E_DC = 10.464900 eV
Held method for 3 orbitals, computed U_mean=2.000000 eV
DC potential computed using the cHeld method, V_DC = 6.546724 eV
E_DC using the cHeld method, E_DC = 10.464900 eV
Held method for 3 orbitals, computed U_mean=2.000000 eV
DC potential computed using the cHeld method, V_DC = 6.546724 eV
E_DC using the cHeld method, E_DC = 10.464900 eV
Held method for 3 orbitals, computed U_mean=2.000000 eV
DC potential computed using the cHeld method, V_DC = 6.546724 eV
E_DC using the cHeld method, E_DC = 10.464900 eV
Held method for 3 orbitals, computed U_mean=2.000000 eV
DC potential computed using the cHeld method, V_DC = 6.546724 eV
E_DC using the cHeld method, E_DC = 10.464900 eV
Held method for 3 orbitals, computed U_mean=2.000000 eV
DC potential computed using the cHeld method, V_DC = 6.546724 eV
E_DC using the cHeld method, E_DC = 10.464900 eV
Held method for 3 orbitals, computed U_mean=2.000000 eV
DC potential computed using the cHeld method, V_DC = 6.546724 eV
E_DC using the cHeld method, E_DC = 10.464900 eV
Held method for 3 orbitals, computed U_mean=2.000000 eV
DC potential computed using the cHeld method, V_DC = 6.546724 eV
E_DC using the cHeld method, E_DC = 10.464900 eV
Held method for 3 orbitals, computed U_mean=2.000000 eV

sumk calc_mu: Using dichtomy adjustment to find chemical potential

Dichotomy adjustment of Chemical Potential to obtain Total Density = 16.000000 +/- 0.000100
Warning: Imaginary part in density will be ignored (1.653942938288414e-12)
Warning: Imaginary part in density will be ignored (1.6810399680147175e-12)
    Chemical Potential = -0.070626  
    Total Density = 11.741529
    -0.070626 < Chemical Potential < 0.429374
    11.741529 < Total Density < 16.331948
Warning: Imaginary part in density will be ignored (1.6552621303235553e-12)
    0.393218 < Chemical Potential < 0.429374
    15.993299 < Total Density < 16.331948
Warning: Imaginary part in density will be ignored (1.6554368915428548e-12)
    0.393218 < Chemical Potential < 0.393933
    15.993299 < Total Density < 16.000043
    Chemical Potential found in 3 iterations : 
    Total Density = 16.000043;Chemical Potential = 0.393933
Orbital down_0 density: 0.546240
Orbital up_0 density: 0.667930
Total charge of Gloc : 3.825573
{'chemical_potentials': [0.5822108997482961, 0.48503976707747254, 0.47403133481810056, 0.441910667127155, 0.42937419801475757], 'G_diff': [0.024931159800383608, 0.02035825413124172, 0.015103568388151276, 0.012054081628315562, 0.007851332696931062], 'Gimp_diff': [0.09152757545367055, 0.03077404662332865, 0.02563029053283633, 0.01983491025967475, 0.019610587593289902], 'density_matrix_values': [3.8207207245721158, 3.8315440132806504, 3.8318711433184736, 3.84374346007965, 3.853197935734179], 'orbital_resolved_dms': [{'down_0': array([0.56161255, 0.56221059, 0.53058178]), 'up_0': array([0.63110517, 0.63808557, 0.62256687])}, {'down_0': array([0.52630722, 0.55532373, 0.55251035]), 'up_0': array([0.65085716, 0.67577663, 0.67803649])}, {'down_0': array([0.52005548, 0.55703025, 0.55300548]), 'up_0': array([0.66246767, 0.69516474, 0.69003238])}, {'down_0': array([0.5387961 , 0.56871652, 0.56274837]), 'up_0': array([0.66584401, 0.69027527, 0.69185854])}, {'down_0': array([0.53875887, 0.5766464 , 0.57009461]), 'up_0': array([0.66527019, 0.69675703, 0.69525083])}], 'n_iterations': 5, 'mu_diff': [-0.09717113267082356, -0.01100843225937198, -0.03212066769094557, -0.01253646911239742, -0.035441202830093055], 'density_matrix_diff': [0.010823288708534662, 0.0003271300378231423, 0.011872316761176283, 0.009454475654528949, -0.009719321992660568], 'orbital_resolved_dm_diff': [[array([-0.03530533, -0.00688686,  0.02192857]), array([0.01975199, 0.03769106, 0.05546962])], [array([-0.00625174,  0.00170652,  0.00049513]), array([0.01161051, 0.01938811, 0.01199589])], [array([0.01874062, 0.01168627, 0.00974288]), array([ 0.00337634, -0.00488946,  0.00182616])], [array([-3.72221741e-05,  7.92987585e-03,  7.34624877e-03]), array([-0.00057382,  0.00648176,  0.00339229])], [array([0.00748079, 0.0069381 , 0.00512614]), array([0.00265989, 0.00334036, 0.00503891])]]}
Data from iteration 5 appended to ./extracted_data.csv
Doing iteration: 6

╔╦╗╦═╗╦╔═╗ ╔═╗  ┌─┐┌┬┐┬ ┬┬ ┬┌┐ 
 ║ ╠╦╝║║═╬╗╚═╗  │   │ ├─┤└┬┘├┴┐
 ╩ ╩╚═╩╚═╝╚╚═╝  └─┘ ┴ ┴ ┴ ┴ └─┘

The local Hamiltonian of the problem:
7.11981e-14*c_dag('down_0',0)*c('down_0',1) + -7.18324*c_dag('down_0',0)*c('down_0',0) + -7.16759*c_dag('down_0',1)*c('down_0',1) + 7.11981e-14*c_dag('down_0',1)*c('down_0',0) + -7.12902*c_dag('down_0',2)*c('down_0',2) + -7.19324*c_dag('up_0',0)*c('up_0',0) + -7.17759*c_dag('up_0',1)*c('up_0',1) + -7.13902*c_dag('up_0',2)*c('up_0',2) + 1.5*c_dag('down_0',0)*c_dag('down_0',1)*c('down_0',1)*c('down_0',0) + 1.5*c_dag('down_0',0)*c_dag('down_0',2)*c('down_0',2)*c('down_0',0) + 0.5*c_dag('down_0',0)*c_dag('up_0',0)*c('up_0',2)*c('down_0',2) + 0.5*c_dag('down_0',0)*c_dag('up_0',0)*c('up_0',1)*c('down_0',1) + 3*c_dag('down_0',0)*c_dag('up_0',0)*c('up_0',0)*c('down_0',0) + 2*c_dag('down_0',0)*c_dag('up_0',1)*c('up_0',1)*c('down_0',0) + 0.5*c_dag('down_0',0)*c_dag('up_0',1)*c('up_0',0)*c('down_0',1) + 2*c_dag('down_0',0)*c_dag('up_0',2)*c('up_0',2)*c('down_0',0) + 0.5*c_dag('down_0',0)*c_dag('up_0',2)*c('up_0',0)*c('down_0',2) + 1.5*c_dag('down_0',1)*c_dag('down_0',2)*c('down_0',2)*c('down_0',1) + 0.5*c_dag('down_0',1)*c_dag('up_0',0)*c('up_0',1)*c('down_0',0) + 2*c_dag('down_0',1)*c_dag('up_0',0)*c('up_0',0)*c('down_0',1) + 0.5*c_dag('down_0',1)*c_dag('up_0',1)*c('up_0',2)*c('down_0',2) + 3*c_dag('down_0',1)*c_dag('up_0',1)*c('up_0',1)*c('down_0',1) + 0.5*c_dag('down_0',1)*c_dag('up_0',1)*c('up_0',0)*c('down_0',0) + 2*c_dag('down_0',1)*c_dag('up_0',2)*c('up_0',2)*c('down_0',1) + 0.5*c_dag('down_0',1)*c_dag('up_0',2)*c('up_0',1)*c('down_0',2) + 0.5*c_dag('down_0',2)*c_dag('up_0',0)*c('up_0',2)*c('down_0',0) + 2*c_dag('down_0',2)*c_dag('up_0',0)*c('up_0',0)*c('down_0',2) + 0.5*c_dag('down_0',2)*c_dag('up_0',1)*c('up_0',2)*c('down_0',1) + 2*c_dag('down_0',2)*c_dag('up_0',1)*c('up_0',1)*c('down_0',2) + 3*c_dag('down_0',2)*c_dag('up_0',2)*c('up_0',2)*c('down_0',2) + 0.5*c_dag('down_0',2)*c_dag('up_0',2)*c('up_0',1)*c('down_0',1) + 0.5*c_dag('down_0',2)*c_dag('up_0',2)*c('up_0',0)*c('down_0',0) + 1.5*c_dag('up_0',0)*c_dag('up_0',1)*c('up_0',1)*c('up_0',0) + 1.5*c_dag('up_0',0)*c_dag('up_0',2)*c('up_0',2)*c('up_0',0) + 1.5*c_dag('up_0',1)*c_dag('up_0',2)*c('up_0',2)*c('up_0',1)
Using autopartition algorithm to partition the local Hilbert space
Found 28 subspaces.

Warming up ...
18:39:53   0% ETA 00:00:19 cycle 211 of 41666
18:39:55  11% ETA 00:00:16 cycle 4843 of 41666
18:39:57  27% ETA 00:00:12 cycle 11349 of 41666
18:40:00  45% ETA 00:00:09 cycle 19065 of 41666
18:40:04  70% ETA 00:00:04 cycle 29312 of 41666
18:40:09 100% ETA 00:00:00 cycle 41665 of 41666



Accumulating ...
18:40:09   0% ETA 00:02:41 cycle 258 of 416666
18:40:11   1% ETA 00:02:55 cycle 4996 of 416666
18:40:14   2% ETA 00:02:45 cycle 11414 of 416666
18:40:17   4% ETA 00:02:43 cycle 19060 of 416666
18:40:21   7% ETA 00:02:35 cycle 29404 of 416666
18:40:26   9% ETA 00:02:30 cycle 41630 of 416666
18:40:32  13% ETA 00:02:24 cycle 57113 of 416666
18:40:40  18% ETA 00:02:16 cycle 76371 of 416666
18:40:49  24% ETA 00:02:06 cycle 100584 of 416666
18:41:01  31% ETA 00:01:55 cycle 129890 of 416666
18:41:17  40% ETA 00:01:40 cycle 167722 of 416666
18:41:35  51% ETA 00:01:21 cycle 214854 of 416666
